<?xml version="1.0" encoding="UTF-8"?>
<!-- Generated by org.testng.reporters.JUnitXMLReporter -->
<testsuite ignored="0" hostname="DESKTOP-L6QNKSE" failures="0" tests="3" name="Sauce Demo" time="23.05" errors="0" timestamp="2022-05-27T19:53:36 IST">
  <testcase classname="com.SauceTest.LoginCheck" name="loginFunction" time="9.476"/>
  <testcase classname="com.SauceTest.HomeFuction" name="homeElement" time="6.72"/>
  <testcase classname="com.SauceTest.LogoutFuction" name="logoutcheck" time="6.773"/>
</testsuite> <!-- Sauce Demo -->
