<?xml version="1.0" encoding="UTF-8"?>
<!-- Generated by org.testng.reporters.JUnitXMLReporter -->
<testsuite ignored="0" hostname="DESKTOP-L6QNKSE" failures="0" tests="3" name="Test" time="25.171" errors="0" timestamp="2022-05-27T17:08:07 IST">
  <testcase classname="com.SauceTest.LoginCheck" name="loginFunction" time="8.241"/>
  <testcase classname="com.SauceTest.HomeFuction" name="homeElement" time="7.741"/>
  <testcase classname="com.SauceTest.LogoutFuction" name="logoutcheck" time="9.121"/>
</testsuite> <!-- Test -->
